2015/04/01 7:00:28 にビルドを開始しました。
     1>ノード 2 上のプロジェクト "C:\cygwin64\home\mistpc\testrepo\stressDX\stressDX\stressDX.vcxproj" (Build ターゲット)。
     1>ClCompile:
         C:\Program Files (x86)\Microsoft Visual Studio 12.0\VC\bin\CL.exe /c /IC:\Users\mistpc\boost_1_57_0 /I"C:\Users\mistpc\DxLib_VC\プロジェクトに追加すべきファイル_VC用" /Zi /nologo /W3 /WX- /O2 /Oi /Oy- /GL /D WIN32 /D NDEBUG /D _WINDOWS /D _MBCS /Gm- /EHsc /MT /GS /Gy /fp:precise /Zc:wchar_t /Zc:forScope /Fo"Release\\" /Fd"Release\vc120.pdb" /Gd /TP /analyze- /errorReport:prompt game.cpp graphics.cpp layout.cpp shirt.cpp winmain.cpp
         game.cpp
         graphics.cpp
         layout.cpp
         shirt.cpp
         winmain.cpp
       Link:
         C:\Program Files (x86)\Microsoft Visual Studio 12.0\VC\bin\link.exe /ERRORREPORT:PROMPT /OUT:"C:\cygwin64\home\mistpc\testrepo\stressDX\Release\stressDX.exe" /INCREMENTAL:NO /NOLOGO /LIBPATH:C:\Users\mistpc\boost_1_57_0\stage\x64\lib /LIBPATH:"C:\Users\mistpc\DxLib_VC\プロジェクトに追加すべきファイル_VC用" kernel32.lib user32.lib gdi32.lib winspool.lib comdlg32.lib advapi32.lib shell32.lib ole32.lib oleaut32.lib uuid.lib odbc32.lib odbccp32.lib /MANIFEST /MANIFESTUAC:"level='asInvoker' uiAccess='false'" /manifest:embed /DEBUG /PDB:"C:\cygwin64\home\mistpc\testrepo\stressDX\Release\stressDX.pdb" /SUBSYSTEM:WINDOWS /OPT:REF /OPT:ICF /LTCG /TLBID:1 /DYNAMICBASE /NXCOMPAT /IMPLIB:"C:\cygwin64\home\mistpc\testrepo\stressDX\Release\stressDX.lib" /MACHINE:X86 /SAFESEH:NO Release\game.obj
         Release\graphics.obj
         Release\layout.obj
         Release\shirt.obj
         Release\winmain.obj
         コード生成しています。
         コード生成が終了しました。
         stressDX.vcxproj -> C:\cygwin64\home\mistpc\testrepo\stressDX\Release\stressDX.exe
     1>プロジェクト "C:\cygwin64\home\mistpc\testrepo\stressDX\stressDX\stressDX.vcxproj" (Build ターゲット) のビルドが完了しました。

ビルドに成功しました。

経過時間 00:00:06.64
